<?xml version="1.0" encoding="UTF-8"?>
<!-- Generated by org.testng.reporters.JUnitXMLReporter -->
<testsuite ignored="0" hostname="DESKTOP-70NPE6Q" failures="0" tests="11" name="Free Google Lookup Test" time="9.844" errors="0" timestamp="04 Mar 2021 18:18:05 GMT">
  <testcase classname="com.test.InvocationCount" name="sum" time="0.007"/>
  <testcase classname="com.test.InvocationCount" name="sum" time="0.002"/>
  <testcase classname="com.test.InvocationCount" name="sum" time="0.001"/>
  <testcase classname="com.test.InvocationCount" name="sum" time="0.002"/>
  <testcase classname="com.test.InvocationCount" name="sum" time="0.004"/>
  <testcase classname="com.test.InvocationCount" name="sum" time="0.004"/>
  <testcase classname="com.test.InvocationCount" name="sum" time="0.004"/>
  <testcase classname="com.test.InvocationCount" name="sum" time="0.002"/>
  <testcase classname="com.test.InvocationCount" name="sum" time="0.002"/>
  <testcase classname="com.test.InvocationCount" name="sum" time="0.002"/>
  <testcase classname="com.test.GoogleTestNg" name="SearchNewthings" time="0.708"/>
</testsuite> <!-- Free Google Lookup Test -->
